NAME                 	CHART VERSION	APP VERSION	DESCRIPTION                                       
bitnami/postgresql   	16.7.27      	17.6.0     	PostgreSQL (Postgres) is an open source object-...
bitnami/postgresql   	16.7.26      	17.6.0     	PostgreSQL (Postgres) is an open source object-...
bitnami/postgresql   	16.7.24      	17.5.0     	PostgreSQL (Postgres) is an open source object-...
bitnami/postgresql   	16.7.21      	17.5.0     	PostgreSQL (Postgres) is an open source object-...
bitnami/postgresql   	16.7.20      	17.5.0     	PostgreSQL (Postgres) is an open source object-...
bitnami/postgresql   	16.7.19      	17.5.0     	PostgreSQL (Postgres) is an open source object-...
bitnami/postgresql   	16.7.18      	17.5.0     	PostgreSQL (Postgres) is an open source object-...
bitnami/postgresql   	16.7.17      	17.5.0     	PostgreSQL (Postgres) is an open source object-...
bitnami/postgresql   	16.7.16      	17.5.0     	PostgreSQL (Postgres) is an open source object-...
bitnami/postgresql   	16.7.15      	17.5.0     	PostgreSQL (Postgres) is an open source object-...
bitnami/postgresql   	16.7.14      	17.5.0     	PostgreSQL (Postgres) is an open source object-...
bitnami/postgresql   	16.7.13      	17.5.0     	PostgreSQL (Postgres) is an open source object-...
bitnami/postgresql   	16.7.12      	17.5.0     	PostgreSQL (Postgres) is an open source object-...
bitnami/postgresql   	16.7.11      	17.5.0     	PostgreSQL (Postgres) is an open source object-...
bitnami/postgresql   	16.7.10      	17.5.0     	PostgreSQL (Postgres) is an open source object-...
bitnami/postgresql   	16.7.9       	17.5.0     	PostgreSQL (Postgres) is an open source object-...
bitnami/postgresql   	16.7.8       	17.5.0     	PostgreSQL (Postgres) is an open source object-...
bitnami/postgresql   	16.7.6       	17.5.0     	PostgreSQL (Postgres) is an open source object-...
bitnami/postgresql   	16.7.5       	17.5.0     	PostgreSQL (Postgres) is an open source object-...
bitnami/postgresql   	16.7.4       	17.5.0     	PostgreSQL (Postgres) is an open source object-...
bitnami/postgresql   	16.7.3       	17.5.0     	PostgreSQL (Postgres) is an open source object-...
bitnami/postgresql   	16.7.2       	17.5.0     	PostgreSQL (Postgres) is an open source object-...
bitnami/postgresql   	16.7.1       	17.5.0     	PostgreSQL (Postgres) is an open source object-...
bitnami/postgresql   	16.7.0       	17.4.0     	PostgreSQL (Postgres) is an open source object-...
bitnami/postgresql   	16.6.7       	17.4.0     	PostgreSQL (Postgres) is an open source object-...
bitnami/postgresql   	16.6.6       	17.4.0     	PostgreSQL (Postgres) is an open source object-...
bitnami/postgresql   	16.6.5       	17.4.0     	PostgreSQL (Postgres) is an open source object-...
bitnami/postgresql   	16.6.4       	17.4.0     	PostgreSQL (Postgres) is an open source object-...
bitnami/postgresql   	16.6.3       	17.4.0     	PostgreSQL (Postgres) is an open source object-...
bitnami/postgresql   	16.6.2       	17.4.0     	PostgreSQL (Postgres) is an open source object-...
bitnami/postgresql   	16.6.1       	17.4.0     	PostgreSQL (Postgres) is an open source object-...
bitnami/postgresql   	16.6.0       	17.4.0     	PostgreSQL (Postgres) is an open source object-...
bitnami/postgresql   	16.5.6       	17.4.0     	PostgreSQL (Postgres) is an open source object-...
bitnami/postgresql   	16.5.5       	17.4.0     	PostgreSQL (Postgres) is an open source object-...
bitnami/postgresql   	16.5.4       	17.4.0     	PostgreSQL (Postgres) is an open source object-...
bitnami/postgresql   	16.5.3       	17.4.0     	PostgreSQL (Postgres) is an open source object-...
bitnami/postgresql   	16.5.2       	17.4.0     	PostgreSQL (Postgres) is an open source object-...
bitnami/postgresql   	16.5.1       	17.4.0     	PostgreSQL (Postgres) is an open source object-...
bitnami/postgresql   	16.5.0       	17.4.0     	PostgreSQL (Postgres) is an open source object-...
bitnami/postgresql   	16.4.16      	17.4.0     	PostgreSQL (Postgres) is an open source object-...
bitnami/postgresql   	16.4.15      	17.4.0     	PostgreSQL (Postgres) is an open source object-...
bitnami/postgresql   	16.4.14      	17.4.0     	PostgreSQL (Postgres) is an open source object-...
bitnami/postgresql   	16.4.13      	17.4.0     	PostgreSQL (Postgres) is an open source object-...
bitnami/postgresql   	16.4.11      	17.3.0     	PostgreSQL (Postgres) is an open source object-...
bitnami/postgresql   	16.4.9       	17.3.0     	PostgreSQL (Postgres) is an open source object-...
bitnami/postgresql   	16.4.8       	17.3.0     	PostgreSQL (Postgres) is an open source object-...
bitnami/postgresql   	16.4.7       	17.2.0     	PostgreSQL (Postgres) is an open source object-...
bitnami/postgresql   	16.4.6       	17.2.0     	PostgreSQL (Postgres) is an open source object-...
bitnami/postgresql   	16.4.5       	17.2.0     	PostgreSQL (Postgres) is an open source object-...
bitnami/postgresql   	16.4.4       	17.2.0     	PostgreSQL (Postgres) is an open source object-...
bitnami/postgresql   	16.4.3       	17.2.0     	PostgreSQL (Postgres) is an open source object-...
bitnami/postgresql   	16.4.2       	17.2.0     	PostgreSQL (Postgres) is an open source object-...
bitnami/postgresql   	16.4.1       	17.2.0     	PostgreSQL (Postgres) is an open source object-...
bitnami/postgresql   	16.3.5       	17.2.0     	PostgreSQL (Postgres) is an open source object-...
bitnami/postgresql   	16.3.4       	17.2.0     	PostgreSQL (Postgres) is an open source object-...
bitnami/postgresql   	16.3.3       	17.2.0     	PostgreSQL (Postgres) is an open source object-...
bitnami/postgresql   	16.3.2       	17.2.0     	PostgreSQL (Postgres) is an open source object-...
bitnami/postgresql   	16.3.1       	17.2.0     	PostgreSQL (Postgres) is an open source object-...
bitnami/postgresql   	16.3.0       	17.2.0     	PostgreSQL (Postgres) is an open source object-...
bitnami/postgresql   	16.2.5       	17.2.0     	PostgreSQL (Postgres) is an open source object-...
bitnami/postgresql   	16.2.4       	17.2.0     	PostgreSQL (Postgres) is an open source object-...
bitnami/postgresql   	16.2.3       	17.2.0     	PostgreSQL (Postgres) is an open source object-...
bitnami/postgresql   	16.2.2       	17.2.0     	PostgreSQL (Postgres) is an open source object-...
bitnami/postgresql   	16.2.1       	17.1.0     	PostgreSQL (Postgres) is an open source object-...
bitnami/postgresql   	16.2.0       	17.0.0     	PostgreSQL (Postgres) is an open source object-...
bitnami/postgresql   	16.1.2       	17.0.0     	PostgreSQL (Postgres) is an open source object-...
bitnami/postgresql   	16.1.1       	17.0.0     	PostgreSQL (Postgres) is an open source object-...
bitnami/postgresql   	16.1.0       	17.0.0     	PostgreSQL (Postgres) is an open source object-...
bitnami/postgresql   	16.0.6       	17.0.0     	PostgreSQL (Postgres) is an open source object-...
bitnami/postgresql   	16.0.5       	17.0.0     	PostgreSQL (Postgres) is an open source object-...
bitnami/postgresql   	16.0.4       	17.0.0     	PostgreSQL (Postgres) is an open source object-...
bitnami/postgresql   	16.0.3       	17.0.0     	PostgreSQL (Postgres) is an open source object-...
bitnami/postgresql   	16.0.2       	17.0.0     	PostgreSQL (Postgres) is an open source object-...
bitnami/postgresql   	16.0.1       	17.0.0     	PostgreSQL (Postgres) is an open source object-...
bitnami/postgresql   	16.0.0       	17.0.0     	PostgreSQL (Postgres) is an open source object-...
bitnami/postgresql   	15.5.38      	16.4.0     	PostgreSQL (Postgres) is an open source object-...
bitnami/postgresql   	15.5.37      	16.4.0     	PostgreSQL (Postgres) is an open source object-...
bitnami/postgresql   	15.5.36      	16.4.0     	PostgreSQL (Postgres) is an open source object-...
bitnami/postgresql   	15.5.35      	16.4.0     	PostgreSQL (Postgres) is an open source object-...
bitnami/postgresql   	15.5.34      	16.4.0     	PostgreSQL (Postgres) is an open source object-...
bitnami/postgresql   	15.5.33      	16.4.0     	PostgreSQL (Postgres) is an open source object-...
bitnami/postgresql   	15.5.32      	16.4.0     	PostgreSQL (Postgres) is an open source object-...
bitnami/postgresql   	15.5.31      	16.4.0     	PostgreSQL (Postgres) is an open source object-...
bitnami/postgresql   	15.5.30      	16.4.0     	PostgreSQL (Postgres) is an open source object-...
bitnami/postgresql   	15.5.29      	16.4.0     	PostgreSQL (Postgres) is an open source object-...
bitnami/postgresql   	15.5.28      	16.4.0     	PostgreSQL (Postgres) is an open source object-...
bitnami/postgresql   	15.5.27      	16.4.0     	PostgreSQL (Postgres) is an open source object-...
bitnami/postgresql   	15.5.26      	16.4.0     	PostgreSQL (Postgres) is an open source object-...
bitnami/postgresql   	15.5.25      	16.4.0     	PostgreSQL (Postgres) is an open source object-...
bitnami/postgresql   	15.5.24      	16.4.0     	PostgreSQL (Postgres) is an open source object-...
bitnami/postgresql   	15.5.23      	16.4.0     	PostgreSQL (Postgres) is an open source object-...
bitnami/postgresql   	15.5.22      	16.4.0     	PostgreSQL (Postgres) is an open source object-...
bitnami/postgresql   	15.5.21      	16.4.0     	PostgreSQL (Postgres) is an open source object-...
bitnami/postgresql   	15.5.20      	16.3.0     	PostgreSQL (Postgres) is an open source object-...
bitnami/postgresql   	15.5.19      	16.3.0     	PostgreSQL (Postgres) is an open source object-...
bitnami/postgresql   	15.5.18      	16.3.0     	PostgreSQL (Postgres) is an open source object-...
bitnami/postgresql   	15.5.17      	16.3.0     	PostgreSQL (Postgres) is an open source object-...
bitnami/postgresql   	15.5.16      	16.3.0     	PostgreSQL (Postgres) is an open source object-...
bitnami/postgresql   	15.5.15      	16.3.0     	PostgreSQL (Postgres) is an open source object-...
bitnami/postgresql   	15.5.14      	16.3.0     	PostgreSQL (Postgres) is an open source object-...
bitnami/postgresql   	15.5.13      	16.3.0     	PostgreSQL (Postgres) is an open source object-...
bitnami/postgresql   	15.5.12      	16.3.0     	PostgreSQL (Postgres) is an open source object-...
bitnami/postgresql   	15.5.11      	16.3.0     	PostgreSQL (Postgres) is an open source object-...
bitnami/postgresql   	15.5.10      	16.3.0     	PostgreSQL (Postgres) is an open source object-...
bitnami/postgresql   	15.5.9       	16.3.0     	PostgreSQL (Postgres) is an open source object-...
bitnami/postgresql   	15.5.8       	16.3.0     	PostgreSQL (Postgres) is an open source object-...
bitnami/postgresql   	15.5.7       	16.3.0     	PostgreSQL (Postgres) is an open source object-...
bitnami/postgresql   	15.5.6       	16.3.0     	PostgreSQL (Postgres) is an open source object-...
bitnami/postgresql   	15.5.5       	16.3.0     	PostgreSQL (Postgres) is an open source object-...
bitnami/postgresql   	15.5.4       	16.3.0     	PostgreSQL (Postgres) is an open source object-...
bitnami/postgresql   	15.5.3       	16.3.0     	PostgreSQL (Postgres) is an open source object-...
bitnami/postgresql   	15.5.2       	16.3.0     	PostgreSQL (Postgres) is an open source object-...
bitnami/postgresql   	15.5.1       	16.3.0     	PostgreSQL (Postgres) is an open source object-...
bitnami/postgresql   	15.5.0       	16.3.0     	PostgreSQL (Postgres) is an open source object-...
bitnami/postgresql   	15.4.2       	16.3.0     	PostgreSQL (Postgres) is an open source object-...
bitnami/postgresql   	15.4.1       	16.3.0     	PostgreSQL (Postgres) is an open source object-...
bitnami/postgresql   	15.4.0       	16.3.0     	PostgreSQL (Postgres) is an open source object-...
bitnami/postgresql   	15.3.5       	16.3.0     	PostgreSQL (Postgres) is an open source object-...
bitnami/postgresql   	15.3.4       	16.3.0     	PostgreSQL (Postgres) is an open source object-...
bitnami/postgresql   	15.3.3       	16.3.0     	PostgreSQL (Postgres) is an open source object-...
bitnami/postgresql   	15.3.2       	16.3.0     	PostgreSQL (Postgres) is an open source object-...
bitnami/postgresql   	15.3.1       	16.3.0     	PostgreSQL (Postgres) is an open source object-...
bitnami/postgresql   	15.3.0       	16.3.0     	PostgreSQL (Postgres) is an open source object-...
bitnami/postgresql   	15.2.13      	16.3.0     	PostgreSQL (Postgres) is an open source object-...
bitnami/postgresql   	15.2.12      	16.3.0     	PostgreSQL (Postgres) is an open source object-...
bitnami/postgresql   	15.2.11      	16.3.0     	PostgreSQL (Postgres) is an open source object-...
bitnami/postgresql   	15.2.10      	16.2.0     	PostgreSQL (Postgres) is an open source object-...
bitnami/postgresql   	15.2.9       	16.2.0     	PostgreSQL (Postgres) is an open source object-...
bitnami/postgresql   	15.2.8       	16.2.0     	PostgreSQL (Postgres) is an open source object-...
bitnami/postgresql   	15.2.7       	16.2.0     	PostgreSQL (Postgres) is an open source object-...
bitnami/postgresql   	15.2.6       	16.2.0     	PostgreSQL (Postgres) is an open source object-...
bitnami/postgresql   	15.2.5       	16.2.0     	PostgreSQL (Postgres) is an open source object-...
bitnami/postgresql   	15.2.4       	16.2.0     	PostgreSQL (Postgres) is an open source object-...
bitnami/postgresql   	15.2.3       	16.2.0     	PostgreSQL (Postgres) is an open source object-...
bitnami/postgresql   	15.2.2       	16.2.0     	PostgreSQL (Postgres) is an open source object-...
bitnami/postgresql   	15.2.1       	16.2.0     	PostgreSQL (Postgres) is an open source object-...
bitnami/postgresql   	15.2.0       	16.2.0     	PostgreSQL (Postgres) is an open source object-...
bitnami/postgresql   	15.1.4       	16.2.0     	PostgreSQL (Postgres) is an open source object-...
bitnami/postgresql   	15.1.3       	16.2.0     	PostgreSQL (Postgres) is an open source object-...
bitnami/postgresql   	15.1.2       	16.2.0     	PostgreSQL (Postgres) is an open source object-...
bitnami/postgresql   	15.1.1       	16.2.0     	PostgreSQL (Postgres) is an open source object-...
bitnami/postgresql   	15.1.0       	16.2.0     	PostgreSQL (Postgres) is an open source object-...
bitnami/postgresql   	15.0.0       	16.2.0     	PostgreSQL (Postgres) is an open source object-...
bitnami/postgresql   	14.3.3       	16.2.0     	PostgreSQL (Postgres) is an open source object-...
bitnami/postgresql   	14.3.2       	16.2.0     	PostgreSQL (Postgres) is an open source object-...
bitnami/postgresql   	14.3.1       	16.2.0     	PostgreSQL (Postgres) is an open source object-...
bitnami/postgresql   	14.3.0       	16.2.0     	PostgreSQL (Postgres) is an open source object-...
bitnami/postgresql   	14.2.4       	16.2.0     	PostgreSQL (Postgres) is an open source object-...
bitnami/postgresql   	14.2.3       	16.2.0     	PostgreSQL (Postgres) is an open source object-...
bitnami/postgresql   	14.2.2       	16.2.0     	PostgreSQL (Postgres) is an open source object-...
bitnami/postgresql   	14.2.1       	16.2.0     	PostgreSQL (Postgres) is an open source object-...
bitnami/postgresql   	14.1.3       	16.2.0     	PostgreSQL (Postgres) is an open source object-...
bitnami/postgresql   	14.1.2       	16.2.0     	PostgreSQL (Postgres) is an open source object-...
bitnami/postgresql   	14.1.1       	16.2.0     	PostgreSQL (Postgres) is an open source object-...
bitnami/postgresql   	14.1.0       	16.2.0     	PostgreSQL (Postgres) is an open source object-...
bitnami/postgresql   	14.0.5       	16.2.0     	PostgreSQL (Postgres) is an open source object-...
bitnami/postgresql   	14.0.4       	16.2.0     	PostgreSQL (Postgres) is an open source object-...
bitnami/postgresql   	14.0.3       	16.2.0     	PostgreSQL (Postgres) is an open source object-...
bitnami/postgresql   	14.0.2       	16.1.0     	PostgreSQL (Postgres) is an open source object-...
bitnami/postgresql   	14.0.1       	16.1.0     	PostgreSQL (Postgres) is an open source object-...
bitnami/postgresql   	14.0.0       	16.1.0     	PostgreSQL (Postgres) is an open source object-...
bitnami/postgresql   	13.4.4       	16.1.0     	PostgreSQL (Postgres) is an open source object-...
bitnami/postgresql   	13.4.3       	16.1.0     	PostgreSQL (Postgres) is an open source object-...
bitnami/postgresql   	13.4.2       	16.1.0     	PostgreSQL (Postgres) is an open source object-...
bitnami/postgresql   	13.4.1       	16.1.0     	PostgreSQL (Postgres) is an open source object-...
bitnami/postgresql   	13.4.0       	16.1.0     	PostgreSQL (Postgres) is an open source object-...
bitnami/postgresql   	13.3.1       	16.1.0     	PostgreSQL (Postgres) is an open source object-...
bitnami/postgresql   	13.3.0       	16.1.0     	PostgreSQL (Postgres) is an open source object-...
bitnami/postgresql   	13.2.30      	16.1.0     	PostgreSQL (Postgres) is an open source object-...
bitnami/postgresql   	13.2.29      	16.1.0     	PostgreSQL (Postgres) is an open source object-...
bitnami/postgresql   	13.2.28      	16.1.0     	PostgreSQL (Postgres) is an open source object-...
bitnami/postgresql   	13.2.27      	16.1.0     	PostgreSQL (Postgres) is an open source object-...
bitnami/postgresql   	13.2.26      	16.1.0     	PostgreSQL (Postgres) is an open source object-...
bitnami/postgresql   	13.2.25      	16.1.0     	PostgreSQL (Postgres) is an open source object-...
bitnami/postgresql   	13.2.24      	16.1.0     	PostgreSQL (Postgres) is an open source object-...
bitnami/postgresql   	13.2.23      	16.1.0     	PostgreSQL (Postgres) is an open source object-...
bitnami/postgresql   	13.2.22      	16.1.0     	PostgreSQL (Postgres) is an open source object-...
bitnami/postgresql   	13.2.21      	16.1.0     	PostgreSQL (Postgres) is an open source object-...
bitnami/postgresql   	13.2.20      	16.1.0     	PostgreSQL (Postgres) is an open source object-...
bitnami/postgresql   	13.2.19      	16.1.0     	PostgreSQL (Postgres) is an open source object-...
bitnami/postgresql   	13.2.18      	16.1.0     	PostgreSQL (Postgres) is an open source object-...
bitnami/postgresql   	13.2.17      	16.1.0     	PostgreSQL (Postgres) is an open source object-...
bitnami/postgresql   	13.2.16      	16.1.0     	PostgreSQL (Postgres) is an open source object-...
bitnami/postgresql   	13.2.15      	16.1.0     	PostgreSQL (Postgres) is an open source object-...
bitnami/postgresql   	13.2.14      	16.1.0     	PostgreSQL (Postgres) is an open source object-...
bitnami/postgresql   	13.2.13      	16.1.0     	PostgreSQL (Postgres) is an open source object-...
bitnami/postgresql   	13.2.12      	16.1.0     	PostgreSQL (Postgres) is an open source object-...
bitnami/postgresql   	13.2.11      	16.1.0     	PostgreSQL (Postgres) is an open source object-...
bitnami/postgresql   	13.2.10      	16.1.0     	PostgreSQL (Postgres) is an open source object-...
bitnami/postgresql   	13.2.9       	16.1.0     	PostgreSQL (Postgres) is an open source object-...
bitnami/postgresql   	13.2.8       	16.1.0     	PostgreSQL (Postgres) is an open source object-...
bitnami/postgresql   	13.2.7       	16.1.0     	PostgreSQL (Postgres) is an open source object-...
bitnami/postgresql   	13.2.6       	16.1.0     	PostgreSQL (Postgres) is an open source object-...
bitnami/postgresql   	13.2.5       	16.1.0     	PostgreSQL (Postgres) is an open source object-...
bitnami/postgresql   	13.2.4       	16.0.0     	PostgreSQL (Postgres) is an open source object-...
bitnami/postgresql   	13.2.3       	16.0.0     	PostgreSQL (Postgres) is an open source object-...
bitnami/postgresql   	13.2.2       	16.0.0     	PostgreSQL (Postgres) is an open source object-...
bitnami/postgresql   	13.2.1       	16.0.0     	PostgreSQL (Postgres) is an open source object-...
bitnami/postgresql   	13.2.0       	16.0.0     	PostgreSQL (Postgres) is an open source object-...
bitnami/postgresql   	13.1.5       	16.0.0     	PostgreSQL (Postgres) is an open source object-...
bitnami/postgresql   	13.1.4       	16.0.0     	PostgreSQL (Postgres) is an open source object-...
bitnami/postgresql   	13.1.2       	16.0.0     	PostgreSQL (Postgres) is an open source object-...
bitnami/postgresql   	13.1.1       	16.0.0     	PostgreSQL (Postgres) is an open source object-...
bitnami/postgresql   	13.1.0       	16.0.0     	PostgreSQL (Postgres) is an open source object-...
bitnami/postgresql   	13.0.0       	16.0.0     	PostgreSQL (Postgres) is an open source object-...
bitnami/postgresql   	12.12.10     	15.4.0     	PostgreSQL (Postgres) is an open source object-...
bitnami/postgresql   	12.12.9      	15.4.0     	PostgreSQL (Postgres) is an open source object-...
bitnami/postgresql   	12.12.7      	15.4.0     	PostgreSQL (Postgres) is an open source object-...
bitnami/postgresql   	12.12.5      	15.4.0     	PostgreSQL (Postgres) is an open source object-...
bitnami/postgresql   	12.12.4      	15.4.0     	PostgreSQL (Postgres) is an open source object-...
bitnami/postgresql   	12.11.2      	15.4.0     	PostgreSQL (Postgres) is an open source object-...
bitnami/postgresql   	12.11.1      	15.4.0     	PostgreSQL (Postgres) is an open source object-...
bitnami/postgresql   	12.11.0      	15.4.0     	PostgreSQL (Postgres) is an open source object-...
bitnami/postgresql   	12.10.2      	15.4.0     	PostgreSQL (Postgres) is an open source object-...
bitnami/postgresql   	12.10.1      	15.4.0     	PostgreSQL (Postgres) is an open source object-...
bitnami/postgresql   	12.10.0      	15.4.0     	PostgreSQL (Postgres) is an open source object-...
bitnami/postgresql   	12.9.0       	15.4.0     	PostgreSQL (Postgres) is an open source object-...
bitnami/postgresql   	12.8.5       	15.4.0     	PostgreSQL (Postgres) is an open source object-...
bitnami/postgresql   	12.8.4       	15.4.0     	PostgreSQL (Postgres) is an open source object-...
bitnami/postgresql   	12.8.3       	15.4.0     	PostgreSQL (Postgres) is an open source object-...
bitnami/postgresql   	12.8.2       	15.4.0     	PostgreSQL (Postgres) is an open source object-...
bitnami/postgresql   	12.8.1       	15.3.0     	PostgreSQL (Postgres) is an open source object-...
bitnami/postgresql   	12.8.0       	15.3.0     	PostgreSQL (Postgres) is an open source object-...
bitnami/postgresql   	12.7.3       	15.3.0     	PostgreSQL (Postgres) is an open source object-...
bitnami/postgresql   	12.7.2       	15.3.0     	PostgreSQL (Postgres) is an open source object-...
bitnami/postgresql   	12.7.1       	15.3.0     	PostgreSQL (Postgres) is an open source object-...
bitnami/postgresql   	12.7.0       	15.3.0     	PostgreSQL (Postgres) is an open source object-...
bitnami/postgresql   	12.6.9       	15.3.0     	PostgreSQL (Postgres) is an open source object-...
bitnami/postgresql   	12.6.8       	15.3.0     	PostgreSQL (Postgres) is an open source object-...
bitnami/postgresql   	12.6.7       	15.3.0     	PostgreSQL (Postgres) is an open source object-...
bitnami/postgresql   	12.6.6       	15.3.0     	PostgreSQL (Postgres) is an open source object-...
bitnami/postgresql   	12.6.5       	15.3.0     	PostgreSQL (Postgres) is an open source object-...
bitnami/postgresql   	12.6.4       	15.3.0     	PostgreSQL (Postgres) is an open source object-...
bitnami/postgresql   	12.6.3       	15.3.0     	PostgreSQL (Postgres) is an open source object-...
bitnami/postgresql   	12.6.2       	15.3.0     	PostgreSQL (Postgres) is an open source object-...
bitnami/postgresql   	12.6.1       	15.3.0     	PostgreSQL (Postgres) is an open source object-...
bitnami/postgresql   	12.6.0       	15.3.0     	PostgreSQL (Postgres) is an open source object-...
bitnami/postgresql   	12.5.9       	15.3.0     	PostgreSQL (Postgres) is an open source object-...
bitnami/postgresql   	12.5.8       	15.3.0     	PostgreSQL (Postgres) is an open source object-...
bitnami/postgresql   	12.5.7       	15.3.0     	PostgreSQL (Postgres) is an open source object-...
bitnami/postgresql   	12.5.6       	15.3.0     	PostgreSQL (Postgres) is an open source object-...
bitnami/postgresql   	12.5.5       	15.3.0     	PostgreSQL (Postgres) is an open source object-...
bitnami/postgresql   	12.5.4       	15.3.0     	PostgreSQL (Postgres) is an open source object-...
bitnami/postgresql   	12.5.3       	15.3.0     	PostgreSQL (Postgres) is an open source object-...
bitnami/postgresql   	12.5.2       	15.3.0     	PostgreSQL (Postgres) is an open source object-...
bitnami/postgresql   	12.5.1       	15.3.0     	PostgreSQL (Postgres) is an open source object-...
bitnami/postgresql   	12.4.3       	15.2.0     	PostgreSQL (Postgres) is an open source object-...
bitnami/postgresql   	12.4.2       	15.2.0     	PostgreSQL (Postgres) is an open source object-...
bitnami/postgresql   	12.4.1       	15.2.0     	PostgreSQL (Postgres) is an open source object-...
bitnami/postgresql   	12.3.2       	15.2.0     	PostgreSQL (Postgres) is an open source object-...
bitnami/postgresql   	12.3.1       	15.2.0     	PostgreSQL (Postgres) is an open source object-...
bitnami/postgresql   	12.2.8       	15.2.0     	PostgreSQL (Postgres) is an open source object-...
bitnami/postgresql   	12.2.7       	15.2.0     	PostgreSQL (Postgres) is an open source object-...
bitnami/postgresql   	12.2.6       	15.2.0     	PostgreSQL (Postgres) is an open source object-...
bitnami/postgresql   	12.2.5       	15.2.0     	PostgreSQL (Postgres) is an open source object-...
bitnami/postgresql   	12.2.4       	15.2.0     	PostgreSQL (Postgres) is an open source object-...
bitnami/postgresql   	12.2.3       	15.2.0     	PostgreSQL (Postgres) is an open source object-...
bitnami/postgresql   	12.2.2       	15.2.0     	PostgreSQL (Postgres) is an open source object-...
bitnami/postgresql   	12.2.1       	15.2.0     	PostgreSQL (Postgres) is an open source object-...
bitnami/postgresql   	12.2.0       	15.2.0     	PostgreSQL (Postgres) is an open source object-...
bitnami/postgresql   	12.1.15      	15.2.0     	PostgreSQL (Postgres) is an open source object-...
bitnami/postgresql   	12.1.14      	15.1.0     	PostgreSQL (Postgres) is an open source object-...
bitnami/postgresql   	12.1.13      	15.1.0     	PostgreSQL (Postgres) is an open source object-...
bitnami/postgresql   	12.1.12      	15.1.0     	PostgreSQL (Postgres) is an open source object-...
bitnami/postgresql   	12.1.11      	15.1.0     	PostgreSQL (Postgres) is an open source object-...
bitnami/postgresql   	12.1.10      	15.1.0     	PostgreSQL (Postgres) is an open source object-...
bitnami/postgresql   	12.1.9       	15.1.0     	PostgreSQL (Postgres) is an open source object-...
bitnami/postgresql   	12.1.8       	15.1.0     	PostgreSQL (Postgres) is an open source object-...
bitnami/postgresql   	12.1.7       	15.1.0     	PostgreSQL (Postgres) is an open source object-...
bitnami/postgresql   	12.1.6       	15.1.0     	PostgreSQL (Postgres) is an open source object-...
bitnami/postgresql   	12.1.5       	15.1.0     	PostgreSQL (Postgres) is an open source object-...
bitnami/postgresql   	12.1.4       	15.1.0     	PostgreSQL (Postgres) is an open source object-...
bitnami/postgresql   	12.1.3       	15.1.0     	PostgreSQL (Postgres) is an open source object-...
bitnami/postgresql   	12.1.2       	15.1.0     	PostgreSQL (Postgres) is an open source object-...
bitnami/postgresql   	12.1.1       	15.0.0     	PostgreSQL (Postgres) is an open source object-...
bitnami/postgresql   	12.1.0       	15.0.0     	PostgreSQL (Postgres) is an open source object-...
bitnami/postgresql   	12.0.1       	15.0.0     	PostgreSQL (Postgres) is an open source object-...
bitnami/postgresql   	12.0.0       	15.0.0     	PostgreSQL (Postgres) is an open source object-...
bitnami/postgresql   	11.9.13      	14.5.0     	PostgreSQL (Postgres) is an open source object-...
bitnami/postgresql   	11.9.12      	14.5.0     	PostgreSQL (Postgres) is an open source object-...
bitnami/postgresql   	11.9.11      	14.5.0     	PostgreSQL (Postgres) is an open source object-...
bitnami/postgresql   	11.9.10      	14.5.0     	PostgreSQL (Postgres) is an open source object-...
bitnami/postgresql   	11.9.9       	14.5.0     	PostgreSQL (Postgres) is an open source object-...
bitnami/postgresql   	11.9.8       	14.5.0     	PostgreSQL (Postgres) is an open source object-...
bitnami/postgresql   	11.9.7       	14.5.0     	PostgreSQL (Postgres) is an open source object-...
bitnami/postgresql   	11.9.6       	14.5.0     	PostgreSQL (Postgres) is an open source object-...
bitnami/postgresql   	11.9.5       	14.5.0     	PostgreSQL (Postgres) is an open source object-...
bitnami/postgresql   	11.9.2       	14.5.0     	PostgreSQL (Postgres) is an open source object-...
bitnami/postgresql   	11.9.1       	14.5.0     	PostgreSQL (Postgres) is an open source object-...
bitnami/postgresql   	11.9.0       	14.5.0     	PostgreSQL (Postgres) is an open source object-...
bitnami/postgresql   	11.8.2       	14.5.0     	PostgreSQL (Postgres) is an open source object-...
bitnami/postgresql   	11.8.1       	14.5.0     	PostgreSQL (Postgres) is an open source object-...
bitnami/postgresql   	11.8.0       	14.5.0     	PostgreSQL (Postgres) is an open source object-...
bitnami/postgresql   	11.7.6       	14.5.0     	PostgreSQL (Postgres) is an open source object-...
bitnami/postgresql   	11.7.5       	14.5.0     	PostgreSQL (Postgres) is an open source object-...
bitnami/postgresql   	11.7.4       	14.5.0     	PostgreSQL (Postgres) is an open source object-...
bitnami/postgresql   	11.7.3       	14.5.0     	PostgreSQL (Postgres) is an open source object-...
bitnami/postgresql   	11.7.2       	14.5.0     	PostgreSQL (Postgres) is an open source object-...
bitnami/postgresql   	11.7.1       	14.5.0     	PostgreSQL (Postgres) is an open source object-...
bitnami/postgresql   	11.7.0       	14.4.0     	PostgreSQL (Postgres) is an open source object-...
bitnami/postgresql   	11.6.26      	14.4.0     	PostgreSQL (Postgres) is an open source object-...
bitnami/postgresql   	11.6.25      	14.4.0     	PostgreSQL (Postgres) is an open source object-...
bitnami/postgresql   	11.6.24      	14.4.0     	PostgreSQL (Postgres) is an open source object-...
bitnami/postgresql   	11.6.23      	14.4.0     	PostgreSQL (Postgres) is an open source object-...
bitnami/postgresql   	11.6.22      	14.4.0     	PostgreSQL (Postgres) is an open source object-...
bitnami/postgresql   	11.6.21      	14.4.0     	PostgreSQL (Postgres) is an open source object-...
bitnami/postgresql   	11.6.20      	14.4.0     	PostgreSQL (Postgres) is an open source object-...
bitnami/postgresql   	11.6.19      	14.4.0     	PostgreSQL (Postgres) is an open source object-...
bitnami/postgresql   	11.6.18      	14.4.0     	PostgreSQL (Postgres) is an open source object-...
bitnami/postgresql   	11.6.17      	14.4.0     	PostgreSQL (Postgres) is an open source object-...
bitnami/postgresql   	11.6.16      	14.4.0     	PostgreSQL (Postgres) is an open source object-...
bitnami/postgresql   	11.6.15      	14.4.0     	PostgreSQL (Postgres) is an open source object-...
bitnami/postgresql   	11.6.14      	14.4.0     	PostgreSQL (Postgres) is an open source object-...
bitnami/postgresql   	11.6.13      	14.4.0     	PostgreSQL (Postgres) is an open source object-...
bitnami/postgresql   	11.6.12      	14.4.0     	PostgreSQL (Postgres) is an open source object-...
bitnami/postgresql   	11.6.11      	14.4.0     	PostgreSQL (Postgres) is an open source object-...
bitnami/postgresql   	11.6.10      	14.4.0     	PostgreSQL (Postgres) is an open source object-...
bitnami/postgresql   	11.6.9       	14.4.0     	PostgreSQL (Postgres) is an open source object-...
bitnami/postgresql   	11.6.8       	14.4.0     	PostgreSQL (Postgres) is an open source object-...
bitnami/postgresql   	11.6.7       	14.4.0     	PostgreSQL (Postgres) is an open source object-...
bitnami/postgresql   	11.6.6       	14.3.0     	PostgreSQL (Postgres) is an open source object-...
bitnami/postgresql   	11.6.5       	14.3.0     	PostgreSQL (Postgres) is an open source object-...
bitnami/postgresql   	11.6.4       	14.3.0     	PostgreSQL (Postgres) is an open source object-...
bitnami/postgresql   	11.6.3       	14.3.0     	PostgreSQL (Postgres) is an open source object-...
bitnami/postgresql   	11.6.2       	14.3.0     	PostgreSQL (Postgres) is an open source object-...
bitnami/postgresql-ha	16.3.2       	17.6.0     	This PostgreSQL cluster solution includes the P...
bitnami/postgresql-ha	16.3.1       	17.6.0     	This PostgreSQL cluster solution includes the P...
bitnami/postgresql-ha	16.3.0       	17.6.0     	This PostgreSQL cluster solution includes the P...
bitnami/postgresql-ha	16.2.3       	17.6.0     	This PostgreSQL cluster solution includes the P...
bitnami/postgresql-ha	16.2.2       	17.6.0     	This PostgreSQL cluster solution includes the P...
bitnami/postgresql-ha	16.2.0       	17.5.0     	This PostgreSQL cluster solution includes the P...
bitnami/postgresql-ha	16.1.2       	17.5.0     	This PostgreSQL cluster solution includes the P...
bitnami/postgresql-ha	16.1.0       	17.5.0     	This PostgreSQL cluster solution includes the P...
bitnami/postgresql-ha	16.0.22      	17.5.0     	This PostgreSQL cluster solution includes the P...
bitnami/postgresql-ha	16.0.21      	17.5.0     	This PostgreSQL cluster solution includes the P...
bitnami/postgresql-ha	16.0.20      	17.5.0     	This PostgreSQL cluster solution includes the P...
bitnami/postgresql-ha	16.0.19      	17.5.0     	This PostgreSQL cluster solution includes the P...
bitnami/postgresql-ha	16.0.18      	17.5.0     	This PostgreSQL cluster solution includes the P...
bitnami/postgresql-ha	16.0.17      	17.5.0     	This PostgreSQL cluster solution includes the P...
bitnami/postgresql-ha	16.0.16      	17.5.0     	This PostgreSQL cluster solution includes the P...
bitnami/postgresql-ha	16.0.15      	17.5.0     	This PostgreSQL cluster solution includes the P...
bitnami/postgresql-ha	16.0.14      	17.5.0     	This PostgreSQL cluster solution includes the P...
bitnami/postgresql-ha	16.0.13      	17.5.0     	This PostgreSQL cluster solution includes the P...
bitnami/postgresql-ha	16.0.12      	17.5.0     	This PostgreSQL cluster solution includes the P...
bitnami/postgresql-ha	16.0.11      	17.5.0     	This PostgreSQL cluster solution includes the P...
bitnami/postgresql-ha	16.0.10      	17.5.0     	This PostgreSQL cluster solution includes the P...
bitnami/postgresql-ha	16.0.9       	17.5.0     	This PostgreSQL cluster solution includes the P...
bitnami/postgresql-ha	16.0.8       	17.5.0     	This PostgreSQL cluster solution includes the P...
bitnami/postgresql-ha	16.0.7       	17.5.0     	This PostgreSQL cluster solution includes the P...
bitnami/postgresql-ha	16.0.6       	17.5.0     	This PostgreSQL cluster solution includes the P...
bitnami/postgresql-ha	16.0.5       	17.5.0     	This PostgreSQL cluster solution includes the P...
bitnami/postgresql-ha	16.0.4       	17.5.0     	This PostgreSQL cluster solution includes the P...
bitnami/postgresql-ha	16.0.3       	17.5.0     	This PostgreSQL cluster solution includes the P...
bitnami/postgresql-ha	16.0.2       	17.5.0     	This PostgreSQL cluster solution includes the P...
bitnami/postgresql-ha	16.0.0       	17.4.0     	This PostgreSQL cluster solution includes the P...
bitnami/postgresql-ha	15.3.17      	17.4.0     	This PostgreSQL cluster solution includes the P...
bitnami/postgresql-ha	15.3.16      	17.4.0     	This PostgreSQL cluster solution includes the P...
bitnami/postgresql-ha	15.3.15      	17.4.0     	This PostgreSQL cluster solution includes the P...
bitnami/postgresql-ha	15.3.14      	17.4.0     	This PostgreSQL cluster solution includes the P...
bitnami/postgresql-ha	15.3.13      	17.4.0     	This PostgreSQL cluster solution includes the P...
bitnami/postgresql-ha	15.3.12      	17.4.0     	This PostgreSQL cluster solution includes the P...
bitnami/postgresql-ha	15.3.11      	17.4.0     	This PostgreSQL cluster solution includes the P...
bitnami/postgresql-ha	15.3.10      	17.4.0     	This PostgreSQL cluster solution includes the P...
bitnami/postgresql-ha	15.3.8       	17.4.0     	This PostgreSQL cluster solution includes the P...
bitnami/postgresql-ha	15.3.7       	17.4.0     	This PostgreSQL cluster solution includes the P...
bitnami/postgresql-ha	15.3.6       	17.4.0     	This PostgreSQL cluster solution includes the P...
bitnami/postgresql-ha	15.3.5       	17.4.0     	This PostgreSQL cluster solution includes the P...
bitnami/postgresql-ha	15.3.4       	17.4.0     	This PostgreSQL cluster solution includes the P...
bitnami/postgresql-ha	15.3.3       	17.4.0     	This PostgreSQL cluster solution includes the P...
bitnami/postgresql-ha	15.3.1       	17.4.0     	This PostgreSQL cluster solution includes the P...
bitnami/postgresql-ha	15.3.0       	17.4.0     	This PostgreSQL cluster solution includes the P...
bitnami/postgresql-ha	15.2.3       	17.4.0     	This PostgreSQL cluster solution includes the P...
bitnami/postgresql-ha	15.2.2       	17.4.0     	This PostgreSQL cluster solution includes the P...
bitnami/postgresql-ha	15.2.0       	17.3.0     	This PostgreSQL cluster solution includes the P...
bitnami/postgresql-ha	15.1.9       	17.3.0     	This PostgreSQL cluster solution includes the P...
bitnami/postgresql-ha	15.1.8       	17.3.0     	This PostgreSQL cluster solution includes the P...
bitnami/postgresql-ha	15.1.7       	17.2.0     	This PostgreSQL cluster solution includes the P...
bitnami/postgresql-ha	15.1.6       	17.2.0     	This PostgreSQL cluster solution includes the P...
bitnami/postgresql-ha	15.1.5       	17.2.0     	This PostgreSQL cluster solution includes the P...
bitnami/postgresql-ha	15.1.4       	17.2.0     	This PostgreSQL cluster solution includes the P...
bitnami/postgresql-ha	15.1.3       	17.2.0     	This PostgreSQL cluster solution includes the P...
bitnami/postgresql-ha	15.1.2       	17.2.0     	This PostgreSQL cluster solution includes the P...
bitnami/postgresql-ha	15.1.1       	17.2.0     	This PostgreSQL cluster solution includes the P...
bitnami/postgresql-ha	15.1.0       	17.2.0     	This PostgreSQL cluster solution includes the P...
bitnami/postgresql-ha	15.0.4       	17.2.0     	This PostgreSQL cluster solution includes the P...
bitnami/postgresql-ha	15.0.3       	17.2.0     	This PostgreSQL cluster solution includes the P...
bitnami/postgresql-ha	15.0.2       	17.2.0     	This PostgreSQL cluster solution includes the P...
bitnami/postgresql-ha	15.0.1       	17.2.0     	This PostgreSQL cluster solution includes the P...
bitnami/postgresql-ha	15.0.0       	17.2.0     	This PostgreSQL cluster solution includes the P...
bitnami/postgresql-ha	14.3.10      	16.6.0     	This PostgreSQL cluster solution includes the P...
bitnami/postgresql-ha	14.3.9       	16.5.0     	This PostgreSQL cluster solution includes the P...
bitnami/postgresql-ha	14.3.8       	16.4.0     	This PostgreSQL cluster solution includes the P...
bitnami/postgresql-ha	14.3.7       	16.4.0     	This PostgreSQL cluster solution includes the P...
bitnami/postgresql-ha	14.3.6       	16.4.0     	This PostgreSQL cluster solution includes the P...
bitnami/postgresql-ha	14.3.5       	16.4.0     	This PostgreSQL cluster solution includes the P...
bitnami/postgresql-ha	14.3.4       	16.4.0     	This PostgreSQL cluster solution includes the P...
bitnami/postgresql-ha	14.3.3       	16.4.0     	This PostgreSQL cluster solution includes the P...
bitnami/postgresql-ha	14.3.2       	16.4.0     	This PostgreSQL cluster solution includes the P...
bitnami/postgresql-ha	14.3.1       	16.4.0     	This PostgreSQL cluster solution includes the P...
bitnami/postgresql-ha	14.3.0       	16.4.0     	This PostgreSQL cluster solution includes the P...
bitnami/postgresql-ha	14.2.34      	16.4.0     	This PostgreSQL cluster solution includes the P...
bitnami/postgresql-ha	14.2.33      	16.4.0     	This PostgreSQL cluster solution includes the P...
bitnami/postgresql-ha	14.2.32      	16.4.0     	This PostgreSQL cluster solution includes the P...
bitnami/postgresql-ha	14.2.31      	16.4.0     	This PostgreSQL cluster solution includes the P...
bitnami/postgresql-ha	14.2.30      	16.4.0     	This PostgreSQL cluster solution includes the P...
bitnami/postgresql-ha	14.2.29      	16.4.0     	This PostgreSQL cluster solution includes the P...
bitnami/postgresql-ha	14.2.28      	16.4.0     	This PostgreSQL cluster solution includes the P...
bitnami/postgresql-ha	14.2.27      	16.4.0     	This PostgreSQL cluster solution includes the P...
bitnami/postgresql-ha	14.2.26      	16.4.0     	This PostgreSQL cluster solution includes the P...
bitnami/postgresql-ha	14.2.25      	16.4.0     	This PostgreSQL cluster solution includes the P...
bitnami/postgresql-ha	14.2.24      	16.4.0     	This PostgreSQL cluster solution includes the P...
bitnami/postgresql-ha	14.2.23      	16.4.0     	This PostgreSQL cluster solution includes the P...
bitnami/postgresql-ha	14.2.22      	16.4.0     	This PostgreSQL cluster solution includes the P...
bitnami/postgresql-ha	14.2.21      	16.4.0     	This PostgreSQL cluster solution includes the P...
bitnami/postgresql-ha	14.2.20      	16.4.0     	This PostgreSQL cluster solution includes the P...
bitnami/postgresql-ha	14.2.19      	16.4.0     	This PostgreSQL cluster solution includes the P...
bitnami/postgresql-ha	14.2.18      	16.4.0     	This PostgreSQL cluster solution includes the P...
bitnami/postgresql-ha	14.2.17      	16.4.0     	This PostgreSQL cluster solution includes the P...
bitnami/postgresql-ha	14.2.16      	16.3.0     	This PostgreSQL cluster solution includes the P...
bitnami/postgresql-ha	14.2.15      	16.3.0     	This PostgreSQL cluster solution includes the P...
bitnami/postgresql-ha	14.2.14      	16.3.0     	This PostgreSQL cluster solution includes the P...
bitnami/postgresql-ha	14.2.13      	16.3.0     	This PostgreSQL cluster solution includes the P...
bitnami/postgresql-ha	14.2.12      	16.3.0     	This PostgreSQL cluster solution includes the P...
bitnami/postgresql-ha	14.2.11      	16.3.0     	This PostgreSQL cluster solution includes the P...
bitnami/postgresql-ha	14.2.10      	16.3.0     	This PostgreSQL cluster solution includes the P...
bitnami/postgresql-ha	14.2.9       	16.3.0     	This PostgreSQL cluster solution includes the P...
bitnami/postgresql-ha	14.2.8       	16.3.0     	This PostgreSQL cluster solution includes the P...
bitnami/postgresql-ha	14.2.7       	16.3.0     	This PostgreSQL cluster solution includes the P...
bitnami/postgresql-ha	14.2.6       	16.3.0     	This PostgreSQL cluster solution includes the P...
bitnami/postgresql-ha	14.2.5       	16.3.0     	This PostgreSQL cluster solution includes the P...
bitnami/postgresql-ha	14.2.4       	16.3.0     	This PostgreSQL cluster solution includes the P...
bitnami/postgresql-ha	14.2.3       	16.3.0     	This PostgreSQL cluster solution includes the P...
bitnami/postgresql-ha	14.2.2       	16.3.0     	This PostgreSQL cluster solution includes the P...
bitnami/postgresql-ha	14.2.1       	16.3.0     	This PostgreSQL cluster solution includes the P...
bitnami/postgresql-ha	14.2.0       	16.3.0     	This PostgreSQL cluster solution includes the P...
bitnami/postgresql-ha	14.1.3       	16.3.0     	This PostgreSQL cluster solution includes the P...
bitnami/postgresql-ha	14.1.2       	16.3.0     	This PostgreSQL cluster solution includes the P...
bitnami/postgresql-ha	14.1.1       	16.3.0     	This PostgreSQL cluster solution includes the P...
bitnami/postgresql-ha	14.1.0       	16.3.0     	This PostgreSQL cluster solution includes the P...
bitnami/postgresql-ha	14.0.17      	16.3.0     	This PostgreSQL cluster solution includes the P...
bitnami/postgresql-ha	14.0.16      	16.3.0     	This PostgreSQL cluster solution includes the P...
bitnami/postgresql-ha	14.0.15      	16.3.0     	This PostgreSQL cluster solution includes the P...
bitnami/postgresql-ha	14.0.14      	16.3.0     	This PostgreSQL cluster solution includes the P...
bitnami/postgresql-ha	14.0.13      	16.3.0     	This PostgreSQL cluster solution includes the P...
bitnami/postgresql-ha	14.0.12      	16.3.0     	This PostgreSQL cluster solution includes the P...
bitnami/postgresql-ha	14.0.11      	16.3.0     	This PostgreSQL cluster solution includes the P...
bitnami/postgresql-ha	14.0.10      	16.2.0     	This PostgreSQL cluster solution includes the P...
bitnami/postgresql-ha	14.0.9       	16.2.0     	This PostgreSQL cluster solution includes the P...
bitnami/postgresql-ha	14.0.8       	16.2.0     	This PostgreSQL cluster solution includes the P...
bitnami/postgresql-ha	14.0.7       	16.2.0     	This PostgreSQL cluster solution includes the P...
bitnami/postgresql-ha	14.0.6       	16.2.0     	This PostgreSQL cluster solution includes the P...
bitnami/postgresql-ha	14.0.5       	16.2.0     	This PostgreSQL cluster solution includes the P...
bitnami/postgresql-ha	14.0.4       	16.2.0     	This PostgreSQL cluster solution includes the P...
bitnami/postgresql-ha	14.0.3       	16.2.0     	This PostgreSQL cluster solution includes the P...
bitnami/postgresql-ha	14.0.2       	16.2.0     	This PostgreSQL cluster solution includes the P...
bitnami/postgresql-ha	14.0.1       	16.2.0     	This PostgreSQL cluster solution includes the P...
bitnami/postgresql-ha	14.0.0       	16.2.0     	This PostgreSQL cluster solution includes the P...
bitnami/postgresql-ha	13.6.1       	16.2.0     	This PostgreSQL cluster solution includes the P...
bitnami/postgresql-ha	13.6.0       	16.2.0     	This PostgreSQL cluster solution includes the P...
bitnami/postgresql-ha	13.5.0       	16.2.0     	This PostgreSQL cluster solution includes the P...
bitnami/postgresql-ha	13.4.5       	16.2.0     	This PostgreSQL cluster solution includes the P...
bitnami/postgresql-ha	13.4.4       	16.2.0     	This PostgreSQL cluster solution includes the P...
bitnami/postgresql-ha	13.4.3       	16.2.0     	This PostgreSQL cluster solution includes the P...
bitnami/postgresql-ha	13.4.2       	16.2.0     	This PostgreSQL cluster solution includes the P...
bitnami/postgresql-ha	13.4.1       	16.2.0     	This PostgreSQL cluster solution includes the P...
bitnami/postgresql-ha	13.3.1       	16.2.0     	This PostgreSQL cluster solution includes the P...
bitnami/postgresql-ha	13.3.0       	16.2.0     	This PostgreSQL cluster solution includes the P...
bitnami/postgresql-ha	13.2.4       	16.2.0     	This PostgreSQL cluster solution includes the P...
bitnami/postgresql-ha	13.2.3       	16.2.0     	This PostgreSQL cluster solution includes the P...
bitnami/postgresql-ha	13.2.2       	16.2.0     	This PostgreSQL cluster solution includes the P...
bitnami/postgresql-ha	13.2.1       	16.1.0     	This PostgreSQL cluster solution includes the P...
bitnami/postgresql-ha	13.2.0       	16.1.0     	This PostgreSQL cluster solution includes the P...
bitnami/postgresql-ha	13.1.1       	16.1.0     	This PostgreSQL cluster solution includes the P...
bitnami/postgresql-ha	13.1.0       	16.1.0     	This PostgreSQL cluster solution includes the P...
bitnami/postgresql-ha	13.0.1       	16.1.0     	This PostgreSQL cluster solution includes the P...
bitnami/postgresql-ha	13.0.0       	16.1.0     	This PostgreSQL cluster solution includes the P...
bitnami/postgresql-ha	12.8.2       	16.1.0     	This PostgreSQL cluster solution includes the P...
bitnami/postgresql-ha	12.8.1       	16.1.0     	This PostgreSQL cluster solution includes the P...
bitnami/postgresql-ha	12.8.0       	16.1.0     	This PostgreSQL cluster solution includes the P...
bitnami/postgresql-ha	12.7.0       	16.1.0     	This PostgreSQL cluster solution includes the P...
bitnami/postgresql-ha	12.6.1       	16.1.0     	This PostgreSQL cluster solution includes the P...
bitnami/postgresql-ha	12.6.0       	16.1.0     	This PostgreSQL cluster solution includes the P...
bitnami/postgresql-ha	12.5.1       	16.1.0     	This PostgreSQL cluster solution includes the P...
bitnami/postgresql-ha	12.5.0       	16.1.0     	This PostgreSQL cluster solution includes the P...
bitnami/postgresql-ha	12.4.2       	16.1.0     	This PostgreSQL cluster solution includes the P...
bitnami/postgresql-ha	12.4.1       	16.1.0     	This PostgreSQL cluster solution includes the P...
bitnami/postgresql-ha	12.4.0       	16.1.0     	This PostgreSQL cluster solution includes the P...
bitnami/postgresql-ha	12.3.7       	16.1.0     	This PostgreSQL cluster solution includes the P...
bitnami/postgresql-ha	12.3.6       	16.1.0     	This PostgreSQL cluster solution includes the P...
bitnami/postgresql-ha	12.3.5       	16.1.0     	This PostgreSQL cluster solution includes the P...
bitnami/postgresql-ha	12.3.4       	16.1.0     	This PostgreSQL cluster solution includes the P...
bitnami/postgresql-ha	12.3.3       	16.1.0     	This PostgreSQL cluster solution includes the P...
bitnami/postgresql-ha	12.3.2       	16.1.0     	This PostgreSQL cluster solution includes the P...
bitnami/postgresql-ha	12.3.1       	16.1.0     	This PostgreSQL cluster solution includes the P...
bitnami/postgresql-ha	12.3.0       	16.1.0     	This PostgreSQL cluster solution includes the P...
bitnami/postgresql-ha	12.2.0       	16.1.0     	This PostgreSQL cluster solution includes the P...
bitnami/postgresql-ha	12.1.8       	16.1.0     	This PostgreSQL cluster solution includes the P...
bitnami/postgresql-ha	12.1.7       	16.1.0     	This PostgreSQL cluster solution includes the P...
bitnami/postgresql-ha	12.1.6       	16.1.0     	This PostgreSQL cluster solution includes the P...
bitnami/postgresql-ha	12.1.5       	16.1.0     	This PostgreSQL cluster solution includes the P...
bitnami/postgresql-ha	12.1.4       	16.1.0     	This PostgreSQL cluster solution includes the P...
bitnami/postgresql-ha	12.1.3       	16.0.0     	This PostgreSQL cluster solution includes the P...
bitnami/postgresql-ha	12.1.2       	16.0.0     	This PostgreSQL cluster solution includes the P...
bitnami/postgresql-ha	12.1.1       	16.0.0     	This PostgreSQL cluster solution includes the P...
bitnami/postgresql-ha	12.1.0       	16.0.0     	This PostgreSQL cluster solution includes the P...
bitnami/postgresql-ha	12.0.5       	16.0.0     	This PostgreSQL cluster solution includes the P...
bitnami/postgresql-ha	12.0.4       	16.0.0     	This PostgreSQL cluster solution includes the P...
bitnami/postgresql-ha	12.0.3       	16.0.0     	This PostgreSQL cluster solution includes the P...
bitnami/postgresql-ha	12.0.1       	16.0.0     	This PostgreSQL cluster solution includes the P...
bitnami/postgresql-ha	11.9.8       	16.0.0     	This PostgreSQL cluster solution includes the P...
bitnami/postgresql-ha	11.9.4       	15.4.0     	This PostgreSQL cluster solution includes the P...
bitnami/postgresql-ha	11.9.3       	15.4.0     	This PostgreSQL cluster solution includes the P...
bitnami/postgresql-ha	11.9.2       	15.4.0     	This PostgreSQL cluster solution includes the P...
bitnami/postgresql-ha	11.9.1       	15.4.0     	This PostgreSQL cluster solution includes the P...
bitnami/postgresql-ha	11.9.0       	15.4.0     	This PostgreSQL cluster solution includes the P...
bitnami/postgresql-ha	11.8.6       	15.4.0     	This PostgreSQL cluster solution includes the P...
bitnami/postgresql-ha	11.8.5       	15.4.0     	This PostgreSQL cluster solution includes the P...
bitnami/postgresql-ha	11.8.4       	15.4.0     	This PostgreSQL cluster solution includes the P...
bitnami/postgresql-ha	11.8.3       	15.3.0     	This PostgreSQL cluster solution includes the P...
bitnami/postgresql-ha	11.8.2       	15.3.0     	This PostgreSQL cluster solution includes the P...
bitnami/postgresql-ha	11.8.1       	15.3.0     	This PostgreSQL cluster solution includes the P...
bitnami/postgresql-ha	11.8.0       	15.3.0     	This PostgreSQL cluster solution includes the P...
bitnami/postgresql-ha	11.7.11      	15.3.0     	This PostgreSQL cluster solution includes the P...
bitnami/postgresql-ha	11.7.10      	15.3.0     	This PostgreSQL cluster solution includes the P...
bitnami/postgresql-ha	11.7.9       	15.3.0     	This PostgreSQL cluster solution includes the P...
bitnami/postgresql-ha	11.7.8       	15.3.0     	This PostgreSQL cluster solution includes the P...
bitnami/postgresql-ha	11.7.7       	15.3.0     	This PostgreSQL cluster solution includes the P...
bitnami/postgresql-ha	11.7.6       	15.3.0     	This PostgreSQL cluster solution includes the P...
bitnami/postgresql-ha	11.7.5       	15.3.0     	This PostgreSQL cluster solution includes the P...
bitnami/postgresql-ha	11.7.4       	15.3.0     	This PostgreSQL cluster solution includes the P...
bitnami/postgresql-ha	11.7.3       	15.3.0     	This PostgreSQL cluster solution includes the P...
bitnami/postgresql-ha	11.7.2       	15.3.0     	This PostgreSQL cluster solution includes the P...
bitnami/postgresql-ha	11.7.1       	15.3.0     	This PostgreSQL cluster solution includes the P...
bitnami/postgresql-ha	11.7.0       	15.3.0     	This PostgreSQL cluster solution includes the P...
bitnami/postgresql-ha	11.6.1       	15.3.0     	This PostgreSQL cluster solution includes the P...
bitnami/postgresql-ha	11.5.3       	15.2.0     	This PostgreSQL cluster solution includes the P...
bitnami/postgresql-ha	11.5.2       	15.2.0     	This PostgreSQL cluster solution includes the P...
bitnami/postgresql-ha	11.5.1       	15.2.0     	This PostgreSQL cluster solution includes the P...
bitnami/postgresql-ha	11.4.1       	15.2.0     	This PostgreSQL cluster solution includes the P...
bitnami/postgresql-ha	11.3.0       	15.2.0     	This PostgreSQL cluster solution includes the P...
bitnami/postgresql-ha	11.2.1       	15.2.0     	This PostgreSQL cluster solution includes the P...
bitnami/postgresql-ha	11.2.0       	15.2.0     	This PostgreSQL cluster solution includes the P...
bitnami/postgresql-ha	11.1.6       	15.2.0     	This PostgreSQL cluster solution includes the P...
bitnami/postgresql-ha	11.1.5       	15.2.0     	This PostgreSQL cluster solution includes the P...
bitnami/postgresql-ha	11.1.4       	15.2.0     	This PostgreSQL cluster solution includes the P...
bitnami/postgresql-ha	11.1.3       	15.2.0     	This PostgreSQL cluster solution includes the P...
bitnami/postgresql-ha	11.1.2       	15.2.0     	This PostgreSQL cluster solution includes the P...
bitnami/postgresql-ha	11.1.1       	15.1.0     	This PostgreSQL cluster solution includes the P...
bitnami/postgresql-ha	11.1.0       	15.1.0     	This PostgreSQL cluster solution includes the P...
bitnami/postgresql-ha	11.0.1       	15.1.0     	This PostgreSQL cluster solution includes the P...
bitnami/postgresql-ha	11.0.0       	15.1.0     	This PostgreSQL cluster solution includes the P...
bitnami/postgresql-ha	10.0.9       	15.1.0     	This PostgreSQL cluster solution includes the P...
bitnami/postgresql-ha	10.0.8       	15.1.0     	This PostgreSQL cluster solution includes the P...
bitnami/postgresql-ha	10.0.7       	15.1.0     	This PostgreSQL cluster solution includes the P...
bitnami/postgresql-ha	10.0.6       	15.1.0     	This PostgreSQL cluster solution includes the P...
bitnami/postgresql-ha	10.0.5       	15.1.0     	This PostgreSQL cluster solution includes the P...
bitnami/postgresql-ha	10.0.4       	15.1.0     	This PostgreSQL cluster solution includes the P...
bitnami/postgresql-ha	10.0.3       	15.1.0     	This PostgreSQL cluster solution includes the P...
bitnami/postgresql-ha	10.0.2       	15.0.0     	This PostgreSQL cluster solution includes the P...
bitnami/postgresql-ha	10.0.1       	15.0.0     	This PostgreSQL cluster solution includes the P...
bitnami/postgresql-ha	10.0.0       	15.0.0     	This PostgreSQL cluster solution includes the P...
bitnami/postgresql-ha	9.4.11       	14.5.0     	This PostgreSQL cluster solution includes the P...
bitnami/postgresql-ha	9.4.10       	14.5.0     	This PostgreSQL cluster solution includes the P...
bitnami/postgresql-ha	9.4.9        	14.5.0     	This PostgreSQL cluster solution includes the P...
bitnami/postgresql-ha	9.4.6        	14.5.0     	This PostgreSQL cluster solution includes the P...
bitnami/postgresql-ha	9.4.5        	14.5.0     	This PostgreSQL cluster solution includes the P...
bitnami/postgresql-ha	9.4.4        	14.5.0     	This PostgreSQL cluster solution includes the P...
bitnami/postgresql-ha	9.4.3        	14.5.0     	This PostgreSQL cluster solution includes the P...
bitnami/postgresql-ha	9.4.2        	14.5.0     	This PostgreSQL cluster solution includes the P...
bitnami/postgresql-ha	9.4.1        	14.5.0     	This PostgreSQL cluster solution includes the P...
bitnami/postgresql-ha	9.4.0        	14.5.0     	This PostgreSQL cluster solution includes the P...
bitnami/postgresql-ha	9.3.8        	14.5.0     	This PostgreSQL cluster solution includes the P...
bitnami/postgresql-ha	9.3.5        	14.5.0     	This PostgreSQL cluster solution includes the P...
bitnami/postgresql-ha	9.3.4        	14.5.0     	This PostgreSQL cluster solution includes the P...
bitnami/postgresql-ha	9.3.3        	14.5.0     	This PostgreSQL cluster solution includes the P...
bitnami/postgresql-ha	9.3.2        	14.4.0     	This PostgreSQL cluster solution includes the P...
bitnami/postgresql-ha	9.3.0        	14.4.0     	This PostgreSQL cluster solution includes the P...
bitnami/postgresql-ha	9.2.8        	14.4.0     	This PostgreSQL cluster solution includes the P...
bitnami/postgresql-ha	9.2.7        	14.4.0     	This PostgreSQL cluster solution includes the P...
bitnami/postgresql-ha	9.2.6        	14.4.0     	This PostgreSQL cluster solution includes the P...
bitnami/postgresql-ha	9.2.5        	14.4.0     	This PostgreSQL cluster solution includes the P...
bitnami/postgresql-ha	9.2.4        	14.4.0     	This PostgreSQL cluster solution includes the P...
bitnami/postgresql-ha	9.2.3        	14.4.0     	This PostgreSQL cluster solution includes the P...
bitnami/postgresql-ha	9.2.2        	14.4.0     	This PostgreSQL cluster solution includes the P...
bitnami/postgresql-ha	9.2.1        	14.4.0     	This PostgreSQL cluster solution includes the P...
bitnami/postgresql-ha	9.2.0        	14.4.0     	This PostgreSQL cluster solution includes the P...
bitnami/postgresql-ha	9.1.9        	14.4.0     	This PostgreSQL cluster solution includes the P...
bitnami/postgresql-ha	9.1.8        	14.4.0     	This PostgreSQL cluster solution includes the P...
bitnami/postgresql-ha	9.1.7        	14.4.0     	This PostgreSQL cluster solution includes the P...
bitnami/postgresql-ha	9.1.6        	14.4.0     	This PostgreSQL cluster solution includes the P...
bitnami/postgresql-ha	9.1.5        	14.3.0     	This PostgreSQL cluster solution includes the P...
bitnami/postgresql-ha	9.1.4        	14.3.0     	This PostgreSQL cluster solution includes the P...
bitnami/postgresql-ha	9.1.2        	14.3.0     	This PostgreSQL cluster solution includes the P...
bitnami/postgresql-ha	9.1.1        	14.3.0     	This PostgreSQL cluster solution includes the P...
